me:1  Failed to load resource: the server responded with a status of 401 (Unauthorized)
edfixzjpvsqpebzehsqy.supabase.co/auth/v1/token?grant_type=refresh_token:1  Failed to load resource: the server responded with a status of 400 ()
5553-abd4a93c0720c7e9.js:34 AuthApiError: Invalid Refresh Token: Refresh Token Not Found
    at tT (5553-abd4a93c0720c7e9.js:21:42415)
    at async tA (5553-abd4a93c0720c7e9.js:21:43389)
    at async tO (5553-abd4a93c0720c7e9.js:21:42799)
    at async r (5553-abd4a93c0720c7e9.js:34:24232)
    at async 5553-abd4a93c0720c7e9.js:34:24495
_recoverAndRefresh @ 5553-abd4a93c0720c7e9.js:34
me:1  Failed to load resource: the server responded with a status of 401 (Unauthorized)
login:1 [DOM] Password field is not contained in a form: (More info: https://goo.gl/9p2vKq) <input placeholder=​"パスワードを入力" class=​"form-input flex w-full min-w-0 flex-1 resize-none overflow-hidden rounded-xl text-[#181411]​ focus:​outline-0 focus:​ring-2 focus:​ring-[#ec6d13]​/​50 border border-[#e6e0db]​ dark:​border-gray-700 bg-white dark:​bg-[#221810]​ dark:​text-gray-200 h-14 placeholder:​text-[#897261]​ p-[15px]​ rounded-r-none border-r-0 pr-2 text-base font-normal leading-normal" required type=​"password" value name=​"password">​
register:1 [DOM] Input elements should have autocomplete attributes (suggested: "current-password"): (More info: https://goo.gl/9p2vKq) <input placeholder=​"6文字以上" class=​"form-input flex w-full min-w-0 flex-1 resize-none overflow-hidden rounded-xl text-slate-900 dark:​text-slate-100 focus:​outline-0 focus:​ring-2 focus:​ring-green-600/​50 border border-slate-300 dark:​border-slate-600 bg-white dark:​bg-slate-800 focus:​border-green-600 h-14 placeholder:​text-slate-500 dark:​placeholder:​text-slate-400 p-[15px]​ text-base font-normal leading-normal transition-colors" required minlength=​"6" type=​"password" value=​"Ra1nb0w$" name=​"password">​
page-e5f038094ba41e1e.js:1 Attempting to sign up user...
page-e5f038094ba41e1e.js:1 Sign up successful: Object
page-e5f038094ba41e1e.js:1 Calling edge function to create profile...
page-e5f038094ba41e1e.js:1 Profile created successfully
me:1  Failed to load resource: the server responded with a status of 401 (Unauthorized)
login:1 [DOM] Password field is not contained in a form: (More info: https://goo.gl/9p2vKq) <input placeholder=​"パスワードを入力" class=​"form-input flex w-full min-w-0 flex-1 resize-none overflow-hidden rounded-xl text-[#181411]​ focus:​outline-0 focus:​ring-2 focus:​ring-[#ec6d13]​/​50 border border-[#e6e0db]​ dark:​border-gray-700 bg-white dark:​bg-[#221810]​ dark:​text-gray-200 h-14 placeholder:​text-[#897261]​ p-[15px]​ rounded-r-none border-r-0 pr-2 text-base font-normal leading-normal" required type=​"password" value=​"Ra1nb0w$" name=​"password">​
page-181f9c47a5d7a4d4.js:1 Attempting to sign in user...
page-181f9c47a5d7a4d4.js:1 Sign in successful: Object
page-181f9c47a5d7a4d4.js:1 Login: Setting auth cookies via callback...
me:1  Failed to load resource: the server responded with a status of 401 (Unauthorized)
page-181f9c47a5d7a4d4.js:1 Login: Callback response status: 200
page-181f9c47a5d7a4d4.js:1 Login: Callback success: Object
me:1  Failed to load resource: the server responded with a status of 401 (Unauthorized)
page-181f9c47a5d7a4d4.js:1 Login: Redirecting to dashboard...
page-78743bcdfc3a6c8a.js:1 FirstTimeUserOnboardingModal: No user data available
page-78743bcdfc3a6c8a.js:1 FirstTimeUserOnboardingModal: User data: Object
page-78743bcdfc3a6c8a.js:1 FirstTimeUserOnboardingModal: User profile: Object
page-78743bcdfc3a6c8a.js:1 FirstTimeUserOnboardingModal: Needs onboarding check: Object
page-78743bcdfc3a6c8a.js:1 FirstTimeUserOnboardingModal: Opening modal
5412-5a0d690be2fe02ca.js:1 Warning: Missing `Description` or `aria-describedby={undefined}` for {DialogContent}.
(anonymous) @ 5412-5a0d690be2fe02ca.js:1
page-78743bcdfc3a6c8a.js:1 FirstTimeUserOnboardingModal: User data: Object
page-78743bcdfc3a6c8a.js:1 FirstTimeUserOnboardingModal: User profile: Object
page-78743bcdfc3a6c8a.js:1 FirstTimeUserOnboardingModal: Needs onboarding check: Object
page-78743bcdfc3a6c8a.js:1 FirstTimeUserOnboardingModal: Opening modal
page-78743bcdfc3a6c8a.js:1 Fetch finished loading: PUT "https://onenesskingdom.world/api/profile".
E @ page-78743bcdfc3a6c8a.js:1
await in E
P @ page-78743bcdfc3a6c8a.js:1
i8 @ 4bd1b696-f6bedae49f0827a5.js:1
(anonymous) @ 4bd1b696-f6bedae49f0827a5.js:1
nz @ 4bd1b696-f6bedae49f0827a5.js:1
sn @ 4bd1b696-f6bedae49f0827a5.js:1
cc @ 4bd1b696-f6bedae49f0827a5.js:1
ci @ 4bd1b696-f6bedae49f0827a5.js:1
Fetch finished loading: GET "<URL>".
Fetch finished loading: GET "<URL>".
Fetch finished loading: GET "<URL>".
Fetch finished loading: GET "<URL>".
Fetch finished loading: GET "<URL>".
Fetch finished loading: GET "<URL>".
Fetch finished loading: GET "<URL>".
Fetch finished loading: GET "<URL>".
Fetch finished loading: GET "<URL>".
Fetch finished loading: GET "<URL>".
Fetch finished loading: GET "<URL>".
Fetch finished loading: GET "<URL>".
Fetch finished loading: GET "<URL>".
Fetch finished loading: GET "<URL>".
Fetch finished loading: GET "<URL>".
Fetch finished loading: GET "<URL>".
Fetch finished loading: GET "<URL>".
Fetch finished loading: GET "<URL>".
Fetch finished loading: GET "<URL>".
page-78743bcdfc3a6c8a.js:1 FirstTimeUserOnboardingModal: User data: {id: '7a748cbc-1827-4de8-9b3b-c7f0658a90f8', email: 'jonnyt6@hotmail.com', profile: {…}, points: {…}, avatarState: null}
page-78743bcdfc3a6c8a.js:1 FirstTimeUserOnboardingModal: User profile: {user_id: '7a748cbc-1827-4de8-9b3b-c7f0658a90f8', display_name: 'tokyojon', bio: 'I am the developer for OK World', avatar_url: null, rank: 'member', …}
page-78743bcdfc3a6c8a.js:1 FirstTimeUserOnboardingModal: Needs onboarding check: {hasDisplayName: true, hasLocation: true, hasBio: true, hasAvatar: false, hasPersonality: false, …}
page-78743bcdfc3a6c8a.js:1 FirstTimeUserOnboardingModal: Opening modal
page-78743bcdfc3a6c8a.js:1 FirstTimeUserOnboardingModal: No user data available
page-78743bcdfc3a6c8a.js:1 FirstTimeUserOnboardingModal: User data: {id: '7a748cbc-1827-4de8-9b3b-c7f0658a90f8', email: 'jonnyt6@hotmail.com', profile: {…}, points: {…}, avatarState: null}
page-78743bcdfc3a6c8a.js:1 FirstTimeUserOnboardingModal: User profile: {user_id: '7a748cbc-1827-4de8-9b3b-c7f0658a90f8', display_name: 'tokyojon', bio: 'I am the developer for OK World', avatar_url: null, rank: 'member', …}
page-78743bcdfc3a6c8a.js:1 FirstTimeUserOnboardingModal: Needs onboarding check: {hasDisplayName: true, hasLocation: true, hasBio: true, hasAvatar: false, hasPersonality: false, …}
page-78743bcdfc3a6c8a.js:1 FirstTimeUserOnboardingModal: Opening modal
5412-5a0d690be2fe02ca.js:1 Warning: Missing `Description` or `aria-describedby={undefined}` for {DialogContent}.
(anonymous) @ 5412-5a0d690be2fe02ca.js:1
o1 @ 4bd1b696-f6bedae49f0827a5.js:1
uE @ 4bd1b696-f6bedae49f0827a5.js:1
ux @ 4bd1b696-f6bedae49f0827a5.js:1
uE @ 4bd1b696-f6bedae49f0827a5.js:1
ux @ 4bd1b696-f6bedae49f0827a5.js:1
uE @ 4bd1b696-f6bedae49f0827a5.js:1
ux @ 4bd1b696-f6bedae49f0827a5.js:1
uE @ 4bd1b696-f6bedae49f0827a5.js:1
ux @ 4bd1b696-f6bedae49f0827a5.js:1
uE @ 4bd1b696-f6bedae49f0827a5.js:1
ux @ 4bd1b696-f6bedae49f0827a5.js:1
uE @ 4bd1b696-f6bedae49f0827a5.js:1
ux @ 4bd1b696-f6bedae49f0827a5.js:1
uE @ 4bd1b696-f6bedae49f0827a5.js:1
ux @ 4bd1b696-f6bedae49f0827a5.js:1
uE @ 4bd1b696-f6bedae49f0827a5.js:1
ux @ 4bd1b696-f6bedae49f0827a5.js:1
uE @ 4bd1b696-f6bedae49f0827a5.js:1
ux @ 4bd1b696-f6bedae49f0827a5.js:1
uE @ 4bd1b696-f6bedae49f0827a5.js:1
ux @ 4bd1b696-f6bedae49f0827a5.js:1
uE @ 4bd1b696-f6bedae49f0827a5.js:1
ux @ 4bd1b696-f6bedae49f0827a5.js:1
uE @ 4bd1b696-f6bedae49f0827a5.js:1
ux @ 4bd1b696-f6bedae49f0827a5.js:1
uE @ 4bd1b696-f6bedae49f0827a5.js:1
ux @ 4bd1b696-f6bedae49f0827a5.js:1
uE @ 4bd1b696-f6bedae49f0827a5.js:1
ux @ 4bd1b696-f6bedae49f0827a5.js:1
uE @ 4bd1b696-f6bedae49f0827a5.js:1
ux @ 4bd1b696-f6bedae49f0827a5.js:1
uE @ 4bd1b696-f6bedae49f0827a5.js:1
ux @ 4bd1b696-f6bedae49f0827a5.js:1
uE @ 4bd1b696-f6bedae49f0827a5.js:1
ux @ 4bd1b696-f6bedae49f0827a5.js:1
uE @ 4bd1b696-f6bedae49f0827a5.js:1
ux @ 4bd1b696-f6bedae49f0827a5.js:1
uE @ 4bd1b696-f6bedae49f0827a5.js:1
ux @ 4bd1b696-f6bedae49f0827a5.js:1
uE @ 4bd1b696-f6bedae49f0827a5.js:1
ux @ 4bd1b696-f6bedae49f0827a5.js:1
uE @ 4bd1b696-f6bedae49f0827a5.js:1
ux @ 4bd1b696-f6bedae49f0827a5.js:1
uE @ 4bd1b696-f6bedae49f0827a5.js:1
ux @ 4bd1b696-f6bedae49f0827a5.js:1
uE @ 4bd1b696-f6bedae49f0827a5.js:1
ux @ 4bd1b696-f6bedae49f0827a5.js:1
uE @ 4bd1b696-f6bedae49f0827a5.js:1
ux @ 4bd1b696-f6bedae49f0827a5.js:1
uE @ 4bd1b696-f6bedae49f0827a5.js:1
ux @ 4bd1b696-f6bedae49f0827a5.js:1
uE @ 4bd1b696-f6bedae49f0827a5.js:1
ux @ 4bd1b696-f6bedae49f0827a5.js:1
uE @ 4bd1b696-f6bedae49f0827a5.js:1
ux @ 4bd1b696-f6bedae49f0827a5.js:1
uE @ 4bd1b696-f6bedae49f0827a5.js:1
ux @ 4bd1b696-f6bedae49f0827a5.js:1
uE @ 4bd1b696-f6bedae49f0827a5.js:1
ux @ 4bd1b696-f6bedae49f0827a5.js:1
uE @ 4bd1b696-f6bedae49f0827a5.js:1
ux @ 4bd1b696-f6bedae49f0827a5.js:1
uE @ 4bd1b696-f6bedae49f0827a5.js:1
ux @ 4bd1b696-f6bedae49f0827a5.js:1
uE @ 4bd1b696-f6bedae49f0827a5.js:1
ux @ 4bd1b696-f6bedae49f0827a5.js:1
uE @ 4bd1b696-f6bedae49f0827a5.js:1
ux @ 4bd1b696-f6bedae49f0827a5.js:1
uE @ 4bd1b696-f6bedae49f0827a5.js:1
ux @ 4bd1b696-f6bedae49f0827a5.js:1
uE @ 4bd1b696-f6bedae49f0827a5.js:1
ux @ 4bd1b696-f6bedae49f0827a5.js:1
uE @ 4bd1b696-f6bedae49f0827a5.js:1
ux @ 4bd1b696-f6bedae49f0827a5.js:1
uE @ 4bd1b696-f6bedae49f0827a5.js:1
ux @ 4bd1b696-f6bedae49f0827a5.js:1
uE @ 4bd1b696-f6bedae49f0827a5.js:1
ux @ 4bd1b696-f6bedae49f0827a5.js:1
uE @ 4bd1b696-f6bedae49f0827a5.js:1
ux @ 4bd1b696-f6bedae49f0827a5.js:1
uE @ 4bd1b696-f6bedae49f0827a5.js:1
ux @ 4bd1b696-f6bedae49f0827a5.js:1
uE @ 4bd1b696-f6bedae49f0827a5.js:1
ux @ 4bd1b696-f6bedae49f0827a5.js:1
uE @ 4bd1b696-f6bedae49f0827a5.js:1
ux @ 4bd1b696-f6bedae49f0827a5.js:1
uE @ 4bd1b696-f6bedae49f0827a5.js:1
ux @ 4bd1b696-f6bedae49f0827a5.js:1
uE @ 4bd1b696-f6bedae49f0827a5.js:1
ux @ 4bd1b696-f6bedae49f0827a5.js:1
uE @ 4bd1b696-f6bedae49f0827a5.js:1
ux @ 4bd1b696-f6bedae49f0827a5.js:1
uE @ 4bd1b696-f6bedae49f0827a5.js:1
ux @ 4bd1b696-f6bedae49f0827a5.js:1
uE @ 4bd1b696-f6bedae49f0827a5.js:1
ux @ 4bd1b696-f6bedae49f0827a5.js:1
uE @ 4bd1b696-f6bedae49f0827a5.js:1
ux @ 4bd1b696-f6bedae49f0827a5.js:1
uE @ 4bd1b696-f6bedae49f0827a5.js:1
ux @ 4bd1b696-f6bedae49f0827a5.js:1
uE @ 4bd1b696-f6bedae49f0827a5.js:1
ux @ 4bd1b696-f6bedae49f0827a5.js:1
uE @ 4bd1b696-f6bedae49f0827a5.js:1
ux @ 4bd1b696-f6bedae49f0827a5.js:1
uE @ 4bd1b696-f6bedae49f0827a5.js:1
ux @ 4bd1b696-f6bedae49f0827a5.js:1
uE @ 4bd1b696-f6bedae49f0827a5.js:1
ux @ 4bd1b696-f6bedae49f0827a5.js:1
uE @ 4bd1b696-f6bedae49f0827a5.js:1
ux @ 4bd1b696-f6bedae49f0827a5.js:1
uE @ 4bd1b696-f6bedae49f0827a5.js:1
ux @ 4bd1b696-f6bedae49f0827a5.js:1
uE @ 4bd1b696-f6bedae49f0827a5.js:1
ux @ 4bd1b696-f6bedae49f0827a5.js:1
uE @ 4bd1b696-f6bedae49f0827a5.js:1
ux @ 4bd1b696-f6bedae49f0827a5.js:1
uE @ 4bd1b696-f6bedae49f0827a5.js:1
ux @ 4bd1b696-f6bedae49f0827a5.js:1
uE @ 4bd1b696-f6bedae49f0827a5.js:1
ux @ 4bd1b696-f6bedae49f0827a5.js:1
uE @ 4bd1b696-f6bedae49f0827a5.js:1
ux @ 4bd1b696-f6bedae49f0827a5.js:1
uE @ 4bd1b696-f6bedae49f0827a5.js:1
ux @ 4bd1b696-f6bedae49f0827a5.js:1
uE @ 4bd1b696-f6bedae49f0827a5.js:1
ux @ 4bd1b696-f6bedae49f0827a5.js:1
uE @ 4bd1b696-f6bedae49f0827a5.js:1
ux @ 4bd1b696-f6bedae49f0827a5.js:1
uE @ 4bd1b696-f6bedae49f0827a5.js:1
ux @ 4bd1b696-f6bedae49f0827a5.js:1
uE @ 4bd1b696-f6bedae49f0827a5.js:1
ux @ 4bd1b696-f6bedae49f0827a5.js:1
uE @ 4bd1b696-f6bedae49f0827a5.js:1
ux @ 4bd1b696-f6bedae49f0827a5.js:1
uE @ 4bd1b696-f6bedae49f0827a5.js:1
ux @ 4bd1b696-f6bedae49f0827a5.js:1
uE @ 4bd1b696-f6bedae49f0827a5.js:1
ux @ 4bd1b696-f6bedae49f0827a5.js:1
uE @ 4bd1b696-f6bedae49f0827a5.js:1
ux @ 4bd1b696-f6bedae49f0827a5.js:1
uE @ 4bd1b696-f6bedae49f0827a5.js:1
ux @ 4bd1b696-f6bedae49f0827a5.js:1
uE @ 4bd1b696-f6bedae49f0827a5.js:1
ux @ 4bd1b696-f6bedae49f0827a5.js:1
uE @ 4bd1b696-f6bedae49f0827a5.js:1
ux @ 4bd1b696-f6bedae49f0827a5.js:1
uE @ 4bd1b696-f6bedae49f0827a5.js:1
ux @ 4bd1b696-f6bedae49f0827a5.js:1
uE @ 4bd1b696-f6bedae49f0827a5.js:1
ux @ 4bd1b696-f6bedae49f0827a5.js:1
uE @ 4bd1b696-f6bedae49f0827a5.js:1
ux @ 4bd1b696-f6bedae49f0827a5.js:1
uE @ 4bd1b696-f6bedae49f0827a5.js:1
ux @ 4bd1b696-f6bedae49f0827a5.js:1
uE @ 4bd1b696-f6bedae49f0827a5.js:1
ux @ 4bd1b696-f6bedae49f0827a5.js:1
uE @ 4bd1b696-f6bedae49f0827a5.js:1
ux @ 4bd1b696-f6bedae49f0827a5.js:1
uE @ 4bd1b696-f6bedae49f0827a5.js:1
ux @ 4bd1b696-f6bedae49f0827a5.js:1
uE @ 4bd1b696-f6bedae49f0827a5.js:1
ux @ 4bd1b696-f6bedae49f0827a5.js:1
uE @ 4bd1b696-f6bedae49f0827a5.js:1
ux @ 4bd1b696-f6bedae49f0827a5.js:1
uE @ 4bd1b696-f6bedae49f0827a5.js:1
ux @ 4bd1b696-f6bedae49f0827a5.js:1
uE @ 4bd1b696-f6bedae49f0827a5.js:1
ux @ 4bd1b696-f6bedae49f0827a5.js:1
uE @ 4bd1b696-f6bedae49f0827a5.js:1
i_ @ 4bd1b696-f6bedae49f0827a5.js:1
iT @ 4bd1b696-f6bedae49f0827a5.js:1
iN @ 4bd1b696-f6bedae49f0827a5.js:1
iz @ 4bd1b696-f6bedae49f0827a5.js:1
ii @ 4bd1b696-f6bedae49f0827a5.js:1
iu @ 4bd1b696-f6bedae49f0827a5.js:1
iG @ 4bd1b696-f6bedae49f0827a5.js:1
iW @ 4bd1b696-f6bedae49f0827a5.js:1
iN @ 4bd1b696-f6bedae49f0827a5.js:1
iz @ 4bd1b696-f6bedae49f0827a5.js:1
ii @ 4bd1b696-f6bedae49f0827a5.js:1
iu @ 4bd1b696-f6bedae49f0827a5.js:1
iX @ 4bd1b696-f6bedae49f0827a5.js:1
w @ 1255-1049c01b6613a8c4.js:1
[Violation] Forced reflow while executing JavaScript took 36ms
page-78743bcdfc3a6c8a.js:1 FirstTimeUserOnboardingModal: No user data available
page-78743bcdfc3a6c8a.js:1 FirstTimeUserOnboardingModal: User data: {id: '7a748cbc-1827-4de8-9b3b-c7f0658a90f8', email: 'jonnyt6@hotmail.com', profile: {…}, points: {…}, avatarState: null}
page-78743bcdfc3a6c8a.js:1 FirstTimeUserOnboardingModal: User profile: {user_id: '7a748cbc-1827-4de8-9b3b-c7f0658a90f8', display_name: 'tokyojon', bio: 'I am the developer for OK World', avatar_url: null, rank: 'member', …}
page-78743bcdfc3a6c8a.js:1 FirstTimeUserOnboardingModal: Needs onboarding check: {hasDisplayName: true, hasLocation: true, hasBio: true, hasAvatar: false, hasPersonality: false, …}
page-78743bcdfc3a6c8a.js:1 FirstTimeUserOnboardingModal: Opening modal
5412-5a0d690be2fe02ca.js:1 Warning: Missing `Description` or `aria-describedby={undefined}` for {DialogContent}.
(anonymous) @ 5412-5a0d690be2fe02ca.js:1
o1 @ 4bd1b696-f6bedae49f0827a5.js:1
uE @ 4bd1b696-f6bedae49f0827a5.js:1
ux @ 4bd1b696-f6bedae49f0827a5.js:1
uE @ 4bd1b696-f6bedae49f0827a5.js:1
ux @ 4bd1b696-f6bedae49f0827a5.js:1
uE @ 4bd1b696-f6bedae49f0827a5.js:1
ux @ 4bd1b696-f6bedae49f0827a5.js:1
uE @ 4bd1b696-f6bedae49f0827a5.js:1
ux @ 4bd1b696-f6bedae49f0827a5.js:1
uE @ 4bd1b696-f6bedae49f0827a5.js:1
ux @ 4bd1b696-f6bedae49f0827a5.js:1
uE @ 4bd1b696-f6bedae49f0827a5.js:1
ux @ 4bd1b696-f6bedae49f0827a5.js:1
uE @ 4bd1b696-f6bedae49f0827a5.js:1
ux @ 4bd1b696-f6bedae49f0827a5.js:1
uE @ 4bd1b696-f6bedae49f0827a5.js:1
ux @ 4bd1b696-f6bedae49f0827a5.js:1
uE @ 4bd1b696-f6bedae49f0827a5.js:1
ux @ 4bd1b696-f6bedae49f0827a5.js:1
uE @ 4bd1b696-f6bedae49f0827a5.js:1
ux @ 4bd1b696-f6bedae49f0827a5.js:1
uE @ 4bd1b696-f6bedae49f0827a5.js:1
ux @ 4bd1b696-f6bedae49f0827a5.js:1
uE @ 4bd1b696-f6bedae49f0827a5.js:1
ux @ 4bd1b696-f6bedae49f0827a5.js:1
uE @ 4bd1b696-f6bedae49f0827a5.js:1
ux @ 4bd1b696-f6bedae49f0827a5.js:1
uE @ 4bd1b696-f6bedae49f0827a5.js:1
ux @ 4bd1b696-f6bedae49f0827a5.js:1
uE @ 4bd1b696-f6bedae49f0827a5.js:1
ux @ 4bd1b696-f6bedae49f0827a5.js:1
uE @ 4bd1b696-f6bedae49f0827a5.js:1
ux @ 4bd1b696-f6bedae49f0827a5.js:1
uE @ 4bd1b696-f6bedae49f0827a5.js:1
ux @ 4bd1b696-f6bedae49f0827a5.js:1
uE @ 4bd1b696-f6bedae49f0827a5.js:1
ux @ 4bd1b696-f6bedae49f0827a5.js:1
uE @ 4bd1b696-f6bedae49f0827a5.js:1
ux @ 4bd1b696-f6bedae49f0827a5.js:1
uE @ 4bd1b696-f6bedae49f0827a5.js:1
ux @ 4bd1b696-f6bedae49f0827a5.js:1
uE @ 4bd1b696-f6bedae49f0827a5.js:1
ux @ 4bd1b696-f6bedae49f0827a5.js:1
uE @ 4bd1b696-f6bedae49f0827a5.js:1
ux @ 4bd1b696-f6bedae49f0827a5.js:1
uE @ 4bd1b696-f6bedae49f0827a5.js:1
ux @ 4bd1b696-f6bedae49f0827a5.js:1
uE @ 4bd1b696-f6bedae49f0827a5.js:1
ux @ 4bd1b696-f6bedae49f0827a5.js:1
uE @ 4bd1b696-f6bedae49f0827a5.js:1
ux @ 4bd1b696-f6bedae49f0827a5.js:1
uE @ 4bd1b696-f6bedae49f0827a5.js:1
ux @ 4bd1b696-f6bedae49f0827a5.js:1
uE @ 4bd1b696-f6bedae49f0827a5.js:1
ux @ 4bd1b696-f6bedae49f0827a5.js:1
uE @ 4bd1b696-f6bedae49f0827a5.js:1
ux @ 4bd1b696-f6bedae49f0827a5.js:1
uE @ 4bd1b696-f6bedae49f0827a5.js:1
ux @ 4bd1b696-f6bedae49f0827a5.js:1
uE @ 4bd1b696-f6bedae49f0827a5.js:1
ux @ 4bd1b696-f6bedae49f0827a5.js:1
uE @ 4bd1b696-f6bedae49f0827a5.js:1
ux @ 4bd1b696-f6bedae49f0827a5.js:1
uE @ 4bd1b696-f6bedae49f0827a5.js:1
ux @ 4bd1b696-f6bedae49f0827a5.js:1
uE @ 4bd1b696-f6bedae49f0827a5.js:1
ux @ 4bd1b696-f6bedae49f0827a5.js:1
uE @ 4bd1b696-f6bedae49f0827a5.js:1
ux @ 4bd1b696-f6bedae49f0827a5.js:1
uE @ 4bd1b696-f6bedae49f0827a5.js:1
ux @ 4bd1b696-f6bedae49f0827a5.js:1
uE @ 4bd1b696-f6bedae49f0827a5.js:1
ux @ 4bd1b696-f6bedae49f0827a5.js:1
uE @ 4bd1b696-f6bedae49f0827a5.js:1
ux @ 4bd1b696-f6bedae49f0827a5.js:1
uE @ 4bd1b696-f6bedae49f0827a5.js:1
ux @ 4bd1b696-f6bedae49f0827a5.js:1
uE @ 4bd1b696-f6bedae49f0827a5.js:1
ux @ 4bd1b696-f6bedae49f0827a5.js:1
uE @ 4bd1b696-f6bedae49f0827a5.js:1
ux @ 4bd1b696-f6bedae49f0827a5.js:1
uE @ 4bd1b696-f6bedae49f0827a5.js:1
ux @ 4bd1b696-f6bedae49f0827a5.js:1
uE @ 4bd1b696-f6bedae49f0827a5.js:1
ux @ 4bd1b696-f6bedae49f0827a5.js:1
uE @ 4bd1b696-f6bedae49f0827a5.js:1
ux @ 4bd1b696-f6bedae49f0827a5.js:1
uE @ 4bd1b696-f6bedae49f0827a5.js:1
ux @ 4bd1b696-f6bedae49f0827a5.js:1
uE @ 4bd1b696-f6bedae49f0827a5.js:1
ux @ 4bd1b696-f6bedae49f0827a5.js:1
uE @ 4bd1b696-f6bedae49f0827a5.js:1
ux @ 4bd1b696-f6bedae49f0827a5.js:1
uE @ 4bd1b696-f6bedae49f0827a5.js:1
ux @ 4bd1b696-f6bedae49f0827a5.js:1
uE @ 4bd1b696-f6bedae49f0827a5.js:1
ux @ 4bd1b696-f6bedae49f0827a5.js:1
uE @ 4bd1b696-f6bedae49f0827a5.js:1
ux @ 4bd1b696-f6bedae49f0827a5.js:1
uE @ 4bd1b696-f6bedae49f0827a5.js:1
ux @ 4bd1b696-f6bedae49f0827a5.js:1
uE @ 4bd1b696-f6bedae49f0827a5.js:1
ux @ 4bd1b696-f6bedae49f0827a5.js:1
uE @ 4bd1b696-f6bedae49f0827a5.js:1
ux @ 4bd1b696-f6bedae49f0827a5.js:1
uE @ 4bd1b696-f6bedae49f0827a5.js:1
ux @ 4bd1b696-f6bedae49f0827a5.js:1
uE @ 4bd1b696-f6bedae49f0827a5.js:1
ux @ 4bd1b696-f6bedae49f0827a5.js:1
uE @ 4bd1b696-f6bedae49f0827a5.js:1
ux @ 4bd1b696-f6bedae49f0827a5.js:1
uE @ 4bd1b696-f6bedae49f0827a5.js:1
ux @ 4bd1b696-f6bedae49f0827a5.js:1
uE @ 4bd1b696-f6bedae49f0827a5.js:1
ux @ 4bd1b696-f6bedae49f0827a5.js:1
uE @ 4bd1b696-f6bedae49f0827a5.js:1
ux @ 4bd1b696-f6bedae49f0827a5.js:1
uE @ 4bd1b696-f6bedae49f0827a5.js:1
ux @ 4bd1b696-f6bedae49f0827a5.js:1
uE @ 4bd1b696-f6bedae49f0827a5.js:1
ux @ 4bd1b696-f6bedae49f0827a5.js:1
uE @ 4bd1b696-f6bedae49f0827a5.js:1
ux @ 4bd1b696-f6bedae49f0827a5.js:1
uE @ 4bd1b696-f6bedae49f0827a5.js:1
ux @ 4bd1b696-f6bedae49f0827a5.js:1
uE @ 4bd1b696-f6bedae49f0827a5.js:1
ux @ 4bd1b696-f6bedae49f0827a5.js:1
uE @ 4bd1b696-f6bedae49f0827a5.js:1
ux @ 4bd1b696-f6bedae49f0827a5.js:1
uE @ 4bd1b696-f6bedae49f0827a5.js:1
ux @ 4bd1b696-f6bedae49f0827a5.js:1
uE @ 4bd1b696-f6bedae49f0827a5.js:1
ux @ 4bd1b696-f6bedae49f0827a5.js:1
uE @ 4bd1b696-f6bedae49f0827a5.js:1
ux @ 4bd1b696-f6bedae49f0827a5.js:1
uE @ 4bd1b696-f6bedae49f0827a5.js:1
ux @ 4bd1b696-f6bedae49f0827a5.js:1
uE @ 4bd1b696-f6bedae49f0827a5.js:1
ux @ 4bd1b696-f6bedae49f0827a5.js:1
uE @ 4bd1b696-f6bedae49f0827a5.js:1
ux @ 4bd1b696-f6bedae49f0827a5.js:1
uE @ 4bd1b696-f6bedae49f0827a5.js:1
ux @ 4bd1b696-f6bedae49f0827a5.js:1
uE @ 4bd1b696-f6bedae49f0827a5.js:1
ux @ 4bd1b696-f6bedae49f0827a5.js:1
uE @ 4bd1b696-f6bedae49f0827a5.js:1
ux @ 4bd1b696-f6bedae49f0827a5.js:1
uE @ 4bd1b696-f6bedae49f0827a5.js:1
ux @ 4bd1b696-f6bedae49f0827a5.js:1
uE @ 4bd1b696-f6bedae49f0827a5.js:1
ux @ 4bd1b696-f6bedae49f0827a5.js:1
uE @ 4bd1b696-f6bedae49f0827a5.js:1
ux @ 4bd1b696-f6bedae49f0827a5.js:1
uE @ 4bd1b696-f6bedae49f0827a5.js:1
ux @ 4bd1b696-f6bedae49f0827a5.js:1
uE @ 4bd1b696-f6bedae49f0827a5.js:1
ux @ 4bd1b696-f6bedae49f0827a5.js:1
uE @ 4bd1b696-f6bedae49f0827a5.js:1
ux @ 4bd1b696-f6bedae49f0827a5.js:1
uE @ 4bd1b696-f6bedae49f0827a5.js:1
ux @ 4bd1b696-f6bedae49f0827a5.js:1
uE @ 4bd1b696-f6bedae49f0827a5.js:1
ux @ 4bd1b696-f6bedae49f0827a5.js:1
uE @ 4bd1b696-f6bedae49f0827a5.js:1
ux @ 4bd1b696-f6bedae49f0827a5.js:1
uE @ 4bd1b696-f6bedae49f0827a5.js:1
ux @ 4bd1b696-f6bedae49f0827a5.js:1
uE @ 4bd1b696-f6bedae49f0827a5.js:1
i_ @ 4bd1b696-f6bedae49f0827a5.js:1
iT @ 4bd1b696-f6bedae49f0827a5.js:1
iN @ 4bd1b696-f6bedae49f0827a5.js:1
iz @ 4bd1b696-f6bedae49f0827a5.js:1
ii @ 4bd1b696-f6bedae49f0827a5.js:1
iu @ 4bd1b696-f6bedae49f0827a5.js:1
iG @ 4bd1b696-f6bedae49f0827a5.js:1
iW @ 4bd1b696-f6bedae49f0827a5.js:1
iN @ 4bd1b696-f6bedae49f0827a5.js:1
iz @ 4bd1b696-f6bedae49f0827a5.js:1
ii @ 4bd1b696-f6bedae49f0827a5.js:1
iu @ 4bd1b696-f6bedae49f0827a5.js:1
iX @ 4bd1b696-f6bedae49f0827a5.js:1
w @ 1255-1049c01b6613a8c4.js:1
[Violation] Forced reflow while executing JavaScript took 35ms
page-78743bcdfc3a6c8a.js:1 FirstTimeUserOnboardingModal: User data: {id: '7a748cbc-1827-4de8-9b3b-c7f0658a90f8', email: 'jonnyt6@hotmail.com', profile: {…}, points: {…}, avatarState: null}
page-78743bcdfc3a6c8a.js:1 FirstTimeUserOnboardingModal: User profile: {user_id: '7a748cbc-1827-4de8-9b3b-c7f0658a90f8', display_name: 'tokyojon', bio: 'I am the developer for OK World', avatar_url: null, rank: 'member', …}
page-78743bcdfc3a6c8a.js:1 FirstTimeUserOnboardingModal: Needs onboarding check: {hasDisplayName: true, hasLocation: true, hasBio: true, hasAvatar: false, hasPersonality: false, …}
page-78743bcdfc3a6c8a.js:1 FirstTimeUserOnboardingModal: Opening modal
